Sep-06 17:42:54.676 [main] DEBUG nextflow.cli.Launcher - $> nextflow run main.nf -profile test,conda --saveIntermediates false -resume
Sep-06 17:42:54.944 [main] INFO  nextflow.cli.CmdRun - N E X T F L O W  ~  version 23.04.3
Sep-06 17:42:54.971 [main] DEBUG nextflow.plugin.PluginsFacade - Setting up plugin manager > mode=prod; embedded=false; plugins-dir=/home/shuye/.nextflow/plugins; core-plugins: nf-amazon@1.16.2,nf-azure@1.0.1,nf-codecommit@0.1.4,nf-console@1.0.5,nf-ga4gh@1.0.5,nf-google@1.7.3,nf-tower@1.5.12,nf-wave@0.8.4
Sep-06 17:42:54.993 [main] INFO  org.pf4j.DefaultPluginStatusProvider - Enabled plugins: []
Sep-06 17:42:54.999 [main] INFO  org.pf4j.DefaultPluginStatusProvider - Disabled plugins: []
Sep-06 17:42:55.004 [main] INFO  org.pf4j.DefaultPluginManager - PF4J version 3.4.1 in 'deployment' mode
Sep-06 17:42:55.039 [main] INFO  org.pf4j.AbstractPluginManager - No plugins
Sep-06 17:42:55.067 [main] DEBUG nextflow.config.ConfigBuilder - Found config local: /mnt/c/RSYNC/Repositories/crispr-seq/nextflow.config
Sep-06 17:42:55.069 [main] DEBUG nextflow.config.ConfigBuilder - Parsing config file: /mnt/c/RSYNC/Repositories/crispr-seq/nextflow.config
Sep-06 17:42:55.107 [main] DEBUG nextflow.config.ConfigBuilder - Applying config profile: `test,conda`
Sep-06 17:42:57.499 [main] DEBUG nextflow.config.ConfigBuilder - Available config profiles: [path, cluster, test, multipath, multiconda, conda, singularity, docker]
Sep-06 17:42:57.643 [main] DEBUG nextflow.cli.CmdRun - Applied DSL=2 from script declararion
Sep-06 17:42:57.696 [main] INFO  nextflow.cli.CmdRun - Launching `main.nf` [astonishing_mestorf] DSL2 - revision: bfd936baa6
Sep-06 17:42:57.699 [main] DEBUG nextflow.plugin.PluginsFacade - Plugins default=[]
Sep-06 17:42:57.700 [main] DEBUG nextflow.plugin.PluginsFacade - Plugins resolved requirement=[]
Sep-06 17:42:57.727 [main] DEBUG nextflow.secret.LocalSecretsProvider - Secrets store: /home/shuye/.nextflow/secrets/store.json
Sep-06 17:42:57.743 [main] DEBUG nextflow.secret.SecretsLoader - Discovered secrets providers: [nextflow.secret.LocalSecretsProvider@6b2dd3df] - activable => nextflow.secret.LocalSecretsProvider@6b2dd3df
Sep-06 17:42:57.944 [main] DEBUG nextflow.Session - Session UUID: fe3a5bf4-f5a4-4cd7-a6fd-aa08ef4caa38
Sep-06 17:42:57.945 [main] DEBUG nextflow.Session - Run name: astonishing_mestorf
Sep-06 17:42:57.949 [main] DEBUG nextflow.Session - Executor pool size: 8
Sep-06 17:42:57.998 [main] DEBUG nextflow.util.ThreadPoolBuilder - Creating thread pool 'FileTransfer' minSize=10; maxSize=24; workQueue=LinkedBlockingQueue[10000]; allowCoreThreadTimeout=false
Sep-06 17:42:58.122 [main] DEBUG nextflow.cli.CmdRun - 
  Version: 23.04.3 build 5875
  Created: 11-08-2023 18:37 UTC (14:37 EDT)
  System: Linux 5.15.90.1-microsoft-standard-WSL2
  Runtime: Groovy 3.0.16 on OpenJDK 64-Bit Server VM 11.0.13+7-b1751.21
  Encoding: UTF-8 (UTF-8)
  Process: 210170@Shuye-PC [127.0.1.1]
  CPUs: 8 - Mem: 7.7 GB (3.5 GB) - Swap: 2 GB (2 GB)
Sep-06 17:42:58.265 [main] DEBUG nextflow.Session - Work-dir: /mnt/c/RSYNC/Repositories/crispr-seq/work [v9fs]
Sep-06 17:42:58.326 [main] DEBUG nextflow.executor.ExecutorFactory - Extension executors providers=[]
Sep-06 17:42:58.348 [main] DEBUG nextflow.Session - Observer factory: DefaultObserverFactory
Sep-06 17:42:58.487 [main] DEBUG nextflow.cache.CacheFactory - Using Nextflow cache factory: nextflow.cache.DefaultCacheFactory
Sep-06 17:42:58.516 [main] DEBUG nextflow.util.CustomThreadPool - Creating default thread pool > poolSize: 9; maxThreads: 1000
Sep-06 17:42:58.931 [main] DEBUG nextflow.Session - Session start
Sep-06 17:42:58.942 [main] DEBUG nextflow.trace.TraceFileObserver - Workflow started -- trace file: /mnt/c/RSYNC/Repositories/crispr-seq/results/summary/trace/trace.txt
Sep-06 17:42:58.992 [main] DEBUG nextflow.Session - Using default localLib path: /mnt/c/RSYNC/Repositories/crispr-seq/lib
Sep-06 17:42:59.034 [main] DEBUG nextflow.Session - Adding to the classpath library: /mnt/c/RSYNC/Repositories/crispr-seq/lib
Sep-06 17:43:00.316 [main] DEBUG nextflow.script.ScriptRunner - > Launching execution
Sep-06 17:43:04.176 [main] DEBUG nextflow.script.ProcessConfig - Config settings `withLabel:medCpu` matches labels `fastqc,medCpu,lowMem` for process with name fastqc
Sep-06 17:43:04.178 [main] DEBUG nextflow.script.ProcessConfig - Config settings `withLabel:lowMem` matches labels `fastqc,medCpu,lowMem` for process with name fastqc
Sep-06 17:43:04.179 [main] DEBUG nextflow.script.ProcessConfig - Config settings `withLabel:fastqc` matches labels `fastqc,medCpu,lowMem` for process with name fastqc
Sep-06 17:43:04.181 [main] DEBUG nextflow.script.ProcessConfig - Config settings `withName:fastqc` matches process fastqc
Sep-06 17:43:04.192 [main] DEBUG nextflow.executor.ExecutorFactory - << taskConfig executor: null
Sep-06 17:43:04.193 [main] DEBUG nextflow.executor.ExecutorFactory - >> processorType: 'local'
Sep-06 17:43:04.203 [main] DEBUG nextflow.executor.Executor - [warm up] executor > local
Sep-06 17:43:04.211 [main] DEBUG n.processor.LocalPollingMonitor - Creating local task monitor for executor 'local' > cpus=8; memory=7.7 GB; capacity=8; pollInterval=100ms; dumpInterval=5m
Sep-06 17:43:04.329 [main] DEBUG nextflow.script.ProcessConfig - Config settings `withLabel:perl` matches labels `perl` for process with name trimBothEnds
Sep-06 17:43:04.332 [main] DEBUG nextflow.executor.ExecutorFactory - << taskConfig executor: null
Sep-06 17:43:04.332 [main] DEBUG nextflow.executor.ExecutorFactory - >> processorType: 'local'
Sep-06 17:43:04.347 [main] DEBUG nextflow.script.ProcessConfig - Config settings `withLabel:bowtie` matches labels `bowtie` for process with name bowtie
Sep-06 17:43:04.350 [main] DEBUG nextflow.executor.ExecutorFactory - << taskConfig executor: null
Sep-06 17:43:04.351 [main] DEBUG nextflow.executor.ExecutorFactory - >> processorType: 'local'
Sep-06 17:43:04.363 [main] DEBUG nextflow.script.ProcessConfig - Config settings `withLabel:perl` matches labels `perl` for process with name readCounts
Sep-06 17:43:04.366 [main] DEBUG nextflow.executor.ExecutorFactory - << taskConfig executor: null
Sep-06 17:43:04.367 [main] DEBUG nextflow.executor.ExecutorFactory - >> processorType: 'local'
Sep-06 17:43:04.379 [main] DEBUG nextflow.executor.ExecutorFactory - << taskConfig executor: null
Sep-06 17:43:04.380 [main] DEBUG nextflow.executor.ExecutorFactory - >> processorType: 'local'
Sep-06 17:43:04.406 [main] DEBUG nextflow.executor.ExecutorFactory - << taskConfig executor: null
Sep-06 17:43:04.407 [main] DEBUG nextflow.executor.ExecutorFactory - >> processorType: 'local'
Sep-06 17:43:04.424 [main] DEBUG nextflow.executor.ExecutorFactory - << taskConfig executor: null
Sep-06 17:43:04.425 [main] DEBUG nextflow.executor.ExecutorFactory - >> processorType: 'local'
Sep-06 17:43:04.441 [main] DEBUG nextflow.Session - Workflow process names [dsl2]: readStats, getSoftwareVersions, checkDesign, outputDocumentation, fastqc, cleanup, alignStats, readCounts, bowtie, trimBothEnds
Sep-06 17:43:04.446 [main] DEBUG nextflow.Session - Igniting dataflow network (13)
Sep-06 17:43:04.458 [main] DEBUG nextflow.processor.TaskProcessor - Starting process > fastqc
Sep-06 17:43:04.461 [main] DEBUG nextflow.processor.TaskProcessor - Starting process > trimBothEnds
Sep-06 17:43:04.465 [main] DEBUG nextflow.processor.TaskProcessor - Starting process > bowtie
Sep-06 17:43:04.465 [PathVisitor-4] DEBUG nextflow.file.PathVisitor - files for syntax: glob; folder: /mnt/c/RSYNC/Repositories/crispr-seq/test/; pattern: *.fastq.gz; options: [:]
Sep-06 17:43:04.468 [main] DEBUG nextflow.processor.TaskProcessor - Starting process > readCounts
Sep-06 17:43:04.474 [main] DEBUG nextflow.processor.TaskProcessor - Starting process > readStats
Sep-06 17:43:04.477 [main] DEBUG nextflow.processor.TaskProcessor - Starting process > alignStats
Sep-06 17:43:04.479 [main] DEBUG nextflow.processor.TaskProcessor - Starting process > cleanup
Sep-06 17:43:04.480 [main] DEBUG nextflow.script.ScriptRunner - > Awaiting termination 
Sep-06 17:43:04.482 [main] DEBUG nextflow.Session - Session await
Sep-06 17:43:04.838 [Actor Thread 20] DEBUG nextflow.conda.CondaCache - conda found local env for environment=/mnt/c/RSYNC/Repositories/crispr-seq/environment.yml; path=/home/shuye/conda-cache-nextflow/crispr-dacf9c54ba5bcbbbd1be13d6e2b1c38d
Sep-06 17:43:04.959 [Actor Thread 15] INFO  nextflow.processor.TaskProcessor - [18/c4d53c] Cached process > readStats (4)
Sep-06 17:43:04.959 [Actor Thread 9] INFO  nextflow.processor.TaskProcessor - [3f/019fbd] Cached process > readStats (1)
Sep-06 17:43:04.971 [Actor Thread 16] INFO  nextflow.processor.TaskProcessor - [f4/a79fd4] Cached process > trimBothEnds (4)
Sep-06 17:43:04.959 [Actor Thread 11] INFO  nextflow.processor.TaskProcessor - [a4/a4681d] Cached process > readStats (3)
Sep-06 17:43:04.961 [Actor Thread 12] INFO  nextflow.processor.TaskProcessor - [a5/00ad9b] Cached process > readStats (2)
Sep-06 17:43:04.974 [Actor Thread 21] INFO  nextflow.processor.TaskProcessor - [6d/286f5f] Cached process > trimBothEnds (3)
Sep-06 17:43:04.988 [Actor Thread 13] INFO  nextflow.processor.TaskProcessor - [cd/b5d4e3] Cached process > trimBothEnds (1)
Sep-06 17:43:04.990 [Actor Thread 19] INFO  nextflow.processor.TaskProcessor - [a8/da8906] Cached process > trimBothEnds (2)
Sep-06 17:43:05.030 [Task submitter] DEBUG n.executor.local.LocalTaskHandler - Launch cmd line: /bin/bash -ue .command.run
Sep-06 17:43:05.045 [Task submitter] INFO  nextflow.Session - [93/98eecd] Submitted process > cleanup (1)
Sep-06 17:43:05.122 [Task submitter] DEBUG n.executor.local.LocalTaskHandler - Launch cmd line: /bin/bash -ue .command.run
Sep-06 17:43:05.128 [Task submitter] INFO  nextflow.Session - [c5/5290ee] Submitted process > cleanup (4)
Sep-06 17:43:05.136 [Actor Thread 1] INFO  nextflow.processor.TaskProcessor - [7f/eeae3f] Cached process > fastqc (4)
Sep-06 17:43:05.142 [Actor Thread 3] INFO  nextflow.processor.TaskProcessor - [dd/e2235e] Cached process > fastqc (3)
Sep-06 17:43:05.146 [Actor Thread 2] INFO  nextflow.processor.TaskProcessor - [13/8ba52a] Cached process > fastqc (2)
Sep-06 17:43:05.152 [Actor Thread 16] DEBUG nextflow.util.ThreadPoolBuilder - Creating thread pool 'PublishDir' minSize=10; maxSize=24; workQueue=LinkedBlockingQueue[10000]; allowCoreThreadTimeout=false
Sep-06 17:43:05.208 [Actor Thread 6] INFO  nextflow.processor.TaskProcessor - [1d/a4e351] Cached process > fastqc (1)
Sep-06 17:43:05.324 [Task submitter] DEBUG n.executor.local.LocalTaskHandler - Launch cmd line: /bin/bash -ue .command.run
Sep-06 17:43:05.334 [Task submitter] INFO  nextflow.Session - [65/0bcdfb] Submitted process > cleanup (3)
Sep-06 17:43:05.416 [Actor Thread 20] INFO  nextflow.processor.TaskProcessor - [0f/6a1122] Cached process > bowtie (2)
Sep-06 17:43:05.529 [Actor Thread 22] INFO  nextflow.processor.TaskProcessor - [f5/d796fd] Cached process > bowtie (3)
Sep-06 17:43:05.571 [Actor Thread 10] INFO  nextflow.processor.TaskProcessor - [9c/5c7f98] Cached process > bowtie (1)
Sep-06 17:43:05.623 [Actor Thread 23] INFO  nextflow.processor.TaskProcessor - [16/603d6f] Cached process > bowtie (4)
Sep-06 17:43:05.835 [Actor Thread 25] INFO  nextflow.processor.TaskProcessor - [ac/e25d19] Cached process > readCounts (1)
Sep-06 17:43:05.866 [Actor Thread 2] INFO  nextflow.processor.TaskProcessor - [85/9403e9] Cached process > readCounts (2)
Sep-06 17:43:05.899 [Actor Thread 19] INFO  nextflow.processor.TaskProcessor - [94/be0dae] Cached process > readCounts (3)
Sep-06 17:43:05.922 [Actor Thread 20] INFO  nextflow.processor.TaskProcessor - [f4/4e1b8f] Cached process > readCounts (4)
Sep-06 17:43:05.926 [Actor Thread 6] INFO  nextflow.processor.TaskProcessor - [87/6e01fb] Cached process > alignStats (4)
Sep-06 17:43:05.984 [Actor Thread 14] DEBUG nextflow.sort.BigSort - Sort completed -- entries: 4; slices: 1; internal sort time: 0.221 s; external sort time: 0.003 s; total time: 0.224 s
Sep-06 17:43:05.991 [Actor Thread 14] DEBUG nextflow.file.FileCollector - >> temp file exists? true
Sep-06 17:43:06.007 [Actor Thread 14] DEBUG nextflow.file.FileCollector - Retrieved cached collect-files from: /mnt/c/RSYNC/Repositories/crispr-seq/work/collect-file/79f7e3e7ecf847ef1f82be032da6c720
Sep-06 17:43:06.021 [Actor Thread 14] DEBUG nextflow.file.FileCollector - Deleting file collector temp dir: /tmp/nxf-17711817641082175095
Sep-06 17:43:32.639 [Task monitor] DEBUG n.processor.TaskPollingMonitor - Task completed > TaskHandler[id: 6; name: cleanup (1); status: COMPLETED; exit: 0; error: -; workDir: /mnt/c/RSYNC/Repositories/crispr-seq/work/93/98eecd06a7ace71e56c73fdb8f3623]
Sep-06 17:43:32.697 [Task submitter] DEBUG n.executor.local.LocalTaskHandler - Launch cmd line: /bin/bash -ue .command.run
Sep-06 17:43:32.698 [Task submitter] INFO  nextflow.Session - [7b/39a1e7] Submitted process > cleanup (2)
Sep-06 17:43:32.702 [Task monitor] DEBUG n.processor.TaskPollingMonitor - Task completed > TaskHandler[id: 12; name: cleanup (3); status: COMPLETED; exit: 0; error: -; workDir: /mnt/c/RSYNC/Repositories/crispr-seq/work/65/0bcdfb5214cb2f46929caa7cf6f005]
Sep-06 17:43:32.735 [Task submitter] DEBUG n.executor.local.LocalTaskHandler - Launch cmd line: /bin/bash -ue .command.run
Sep-06 17:43:32.747 [Task submitter] INFO  nextflow.Session - [99/c0349f] Submitted process > alignStats (1)
Sep-06 17:43:55.002 [Task monitor] DEBUG n.processor.TaskPollingMonitor - Task completed > TaskHandler[id: 14; name: cleanup (4); status: COMPLETED; exit: 0; error: -; workDir: /mnt/c/RSYNC/Repositories/crispr-seq/work/c5/5290ee7f64b4896e9b033d827102b2]
Sep-06 17:43:55.030 [Task submitter] DEBUG n.executor.local.LocalTaskHandler - Launch cmd line: /bin/bash -ue .command.run
Sep-06 17:43:55.033 [Task submitter] INFO  nextflow.Session - [46/d8aef2] Submitted process > alignStats (3)
Sep-06 17:43:57.262 [Task monitor] DEBUG n.processor.TaskPollingMonitor - Task completed > TaskHandler[id: 9; name: cleanup (2); status: COMPLETED; exit: 0; error: -; workDir: /mnt/c/RSYNC/Repositories/crispr-seq/work/7b/39a1e70723433f1eaf435fc9d85166]
Sep-06 17:43:57.302 [Task submitter] DEBUG n.executor.local.LocalTaskHandler - Launch cmd line: /bin/bash -ue .command.run
Sep-06 17:43:57.306 [Task submitter] INFO  nextflow.Session - [f0/25a82a] Submitted process > alignStats (2)
Sep-06 17:43:57.315 [Task monitor] DEBUG n.processor.TaskPollingMonitor - Task completed > TaskHandler[id: 21; name: alignStats (1); status: COMPLETED; exit: 0; error: -; workDir: /mnt/c/RSYNC/Repositories/crispr-seq/work/99/c0349fca9bc6b6427b3a7777710072]
Sep-06 17:44:31.344 [Task monitor] DEBUG n.processor.TaskPollingMonitor - Task completed > TaskHandler[id: 26; name: alignStats (3); status: COMPLETED; exit: 0; error: -; workDir: /mnt/c/RSYNC/Repositories/crispr-seq/work/46/d8aef2136004ee0242e386e60ee6dd]
Sep-06 17:44:33.387 [Task monitor] DEBUG n.processor.TaskPollingMonitor - Task completed > TaskHandler[id: 24; name: alignStats (2); status: COMPLETED; exit: 0; error: -; workDir: /mnt/c/RSYNC/Repositories/crispr-seq/work/f0/25a82a2e7d70e5c3da02a39acb48bc]
Sep-06 17:44:33.401 [main] DEBUG nextflow.Session - Session await > all processes finished
Sep-06 17:44:33.410 [main] DEBUG nextflow.Session - Session await > all barriers passed
Sep-06 17:44:33.454 [Actor Thread 4] DEBUG nextflow.sort.BigSort - Sort completed -- entries: 4; slices: 1; internal sort time: 0.051 s; external sort time: 0.001 s; total time: 0.052 s
Sep-06 17:44:33.457 [Actor Thread 4] DEBUG nextflow.file.FileCollector - >> temp file exists? false
Sep-06 17:44:33.462 [Actor Thread 4] DEBUG nextflow.file.FileCollector - Missed collect-file cache -- cause: java.nio.file.NoSuchFileException: /mnt/c/RSYNC/Repositories/crispr-seq/work/collect-file/41996ebc1f72d8343ed8b2798399858f
Sep-06 17:44:33.706 [Actor Thread 4] DEBUG nextflow.file.FileCollector - Saved collect-files list to: /mnt/c/RSYNC/Repositories/crispr-seq/work/collect-file/41996ebc1f72d8343ed8b2798399858f
Sep-06 17:44:33.712 [Actor Thread 4] DEBUG nextflow.file.FileCollector - Deleting file collector temp dir: /tmp/nxf-8466414525556233771
Sep-06 17:44:33.717 [main] DEBUG nextflow.util.ThreadPoolManager - Thread pool 'PublishDir' shutdown completed (hard=false)
Sep-06 17:44:33.723 [main] DEBUG nextflow.trace.WorkflowStatsObserver - Workflow completed > WorkflowStats[succeededCount=7; failedCount=0; ignoredCount=0; cachedCount=21; pendingCount=0; submittedCount=0; runningCount=0; retriesCount=0; abortedCount=0; succeedDuration=563ms; failedDuration=0ms; cachedDuration=1m 55s;loadCpus=0; loadMemory=0; peakRunning=3; peakCpus=3; peakMemory=6 GB; ]
Sep-06 17:44:33.723 [main] DEBUG nextflow.trace.TraceFileObserver - Workflow completed -- saving trace file
Sep-06 17:44:33.728 [main] DEBUG nextflow.trace.ReportObserver - Workflow completed -- rendering execution report
Sep-06 17:44:33.801 [main] DEBUG nextflow.trace.ReportObserver - Execution report summary data:
  [{"cpuUsage":{"mean":63.98,"min":33.8,"q1":45.2,"q2":66.6,"q3":85.38,"max":88.9,"minLabel":"readStats (1)","maxLabel":"readStats (3)","q1Label":"readStats (1)","q2Label":"readStats (4)","q3Label":"readStats (2)"},"process":"readStats","mem":{"mean":3182592,"min":3121152,"q1":3142656,"q2":3164160,"q3":3204096,"max":3280896,"minLabel":"readStats (1)","maxLabel":"readStats (4)","q1Label":"readStats (1)","q2Label":"readStats (3)","q3Label":"readStats (2)"},"memUsage":{"mean":0.15,"min":0.15,"q1":0.15,"q2":0.15,"q3":0.15,"max":0.15,"minLabel":"readStats (1)","maxLabel":"readStats (4)","q1Label":"readStats (1)","q2Label":"readStats (3)","q3Label":"readStats (2)"},"timeUsage":null,"vmem":{"mean":8835072,"min":8835072,"q1":8835072,"q2":8835072,"q3":8835072,"max":8835072,"minLabel":"readStats (3)","maxLabel":"readStats (4)","q1Label":"readStats (3)","q2Label":"readStats (2)","q3Label":"readStats (1)"},"reads":{"mean":398282.5,"min":397967,"q1":398106.5,"q2":398270.5,"q3":398446.5,"max":398622,"minLabel":"readStats (1)","maxLabel":"readStats (4)","q1Label":"readStats (1)","q2Label":"readStats (2)","q3Label":"readStats (3)"},"cpu":{"mean":63.98,"min":33.8,"q1":45.2,"q2":66.6,"q3":85.38,"max":88.9,"minLabel":"readStats (1)","maxLabel":"readStats (3)","q1Label":"readStats (1)","q2Label":"readStats (4)","q3Label":"readStats (2)"},"time":{"mean":47.25,"min":34,"q1":34.75,"q2":41,"q3":53.5,"max":73,"minLabel":"readStats (3)","maxLabel":"readStats (1)","q1Label":"readStats (3)","q2Label":"readStats (2)","q3Label":"readStats (4)"},"writes":{"mean":195557.5,"min":195538,"q1":195544,"q2":195548,"q3":195561.5,"max":195596,"minLabel":"readStats (4)","maxLabel":"readStats (1)","q1Label":"readStats (4)","q2Label":"readStats (3)","q3Label":"readStats (2)"}},{"cpuUsage":{"mean":95.93,"min":80,"q1":89.23,"q2":96.15,"q3":102.85,"max":111.4,"minLabel":"trimBothEnds (4)","maxLabel":"trimBothEnds (1)","q1Label":"trimBothEnds (4)","q2Label":"trimBothEnds (3)","q3Label":"trimBothEnds (2)"},"process":"trimBothEnds","mem":{"mean":3160064,"min":3096576,"q1":3136512,"q2":3168256,"q3":3191808,"max":3207168,"minLabel":"trimBothEnds (3)","maxLabel":"trimBothEnds (4)","q1Label":"trimBothEnds (3)","q2Label":"trimBothEnds (2)","q3Label":"trimBothEnds (1)"},"memUsage":{"mean":0.15,"min":0.14,"q1":0.15,"q2":0.15,"q3":0.15,"max":0.15,"minLabel":"trimBothEnds (3)","maxLabel":"trimBothEnds (4)","q1Label":"trimBothEnds (3)","q2Label":"trimBothEnds (2)","q3Label":"trimBothEnds (1)"},"timeUsage":null,"vmem":{"mean":8835072,"min":8835072,"q1":8835072,"q2":8835072,"q3":8835072,"max":8835072,"minLabel":"trimBothEnds (4)","maxLabel":"trimBothEnds (1)","q1Label":"trimBothEnds (4)","q2Label":"trimBothEnds (2)","q3Label":"trimBothEnds (3)"},"reads":{"mean":449488,"min":448136,"q1":448985,"q2":449749,"q3":450252,"max":450318,"minLabel":"trimBothEnds (1)","maxLabel":"trimBothEnds (3)","q1Label":"trimBothEnds (1)","q2Label":"trimBothEnds (2)","q3Label":"trimBothEnds (4)"},"cpu":{"mean":95.93,"min":80,"q1":89.23,"q2":96.15,"q3":102.85,"max":111.4,"minLabel":"trimBothEnds (4)","maxLabel":"trimBothEnds (1)","q1Label":"trimBothEnds (4)","q2Label":"trimBothEnds (3)","q3Label":"trimBothEnds (2)"},"time":{"mean":112.25,"min":88,"q1":90.25,"q2":101,"q3":123,"max":159,"minLabel":"trimBothEnds (1)","maxLabel":"trimBothEnds (4)","q1Label":"trimBothEnds (1)","q2Label":"trimBothEnds (2)","q3Label":"trimBothEnds (3)"},"writes":{"mean":256946.5,"min":256808,"q1":256900.25,"q2":256944.5,"q3":256990.75,"max":257089,"minLabel":"trimBothEnds (1)","maxLabel":"trimBothEnds (4)","q1Label":"trimBothEnds (1)","q2Label":"trimBothEnds (3)","q3Label":"trimBothEnds (2)"}},{"cpuUsage":{"mean":27.78,"min":21.15,"q1":24.69,"q2":26.04,"q3":29.12,"max":37.88,"minLabel":"fastqc (1)","maxLabel":"fastqc (3)","q1Label":"fastqc (1)","q2Label":"fastqc (2)","q3Label":"fastqc (4)"},"process":"fastqc","mem":{"mean":233897984,"min":209534976,"q1":226434048,"q2":232243200,"q3":239707136,"max":261570560,"minLabel":"fastqc (1)","maxLabel":"fastqc (3)","q1Label":"fastqc (1)","q2Label":"fastqc (4)","q3Label":"fastqc (2)"},"memUsage":{"mean":7.26,"min":6.5,"q1":7.03,"q2":7.21,"q3":7.44,"max":8.12,"minLabel":"fastqc (1)","maxLabel":"fastqc (3)","q1Label":"fastqc (1)","q2Label":"fastqc (4)","q3Label":"fastqc (2)"},"timeUsage":{"mean":0.07,"min":0.06,"q1":0.06,"q2":0.06,"q3":0.07,"max":0.08,"minLabel":"fastqc (3)","maxLabel":"fastqc (1)","q1Label":"fastqc (3)","q2Label":"fastqc (2)","q3Label":"fastqc (4)"},"vmem":{"mean":5341081600,"min":5259894784,"q1":5310859264,"q2":5358069760,"q3":5388292096,"max":5388292096,"minLabel":"fastqc (1)","maxLabel":"fastqc (3)","q1Label":"fastqc (1)","q2Label":"fastqc (2)","q3Label":"fastqc (4)"},"reads":{"mean":11805564.75,"min":11749319,"q1":11754011,"q2":11759222.5,"q3":11810776.25,"max":11954495,"minLabel":"fastqc (4)","maxLabel":"fastqc (1)","q1Label":"fastqc (4)","q2Label":"fastqc (2)","q3Label":"fastqc (3)"},"cpu":{"mean":111.1,"min":84.6,"q1":98.78,"q2":104.15,"q3":116.48,"max":151.5,"minLabel":"fastqc (1)","maxLabel":"fastqc (3)","q1Label":"fastqc (1)","q2Label":"fastqc (2)","q3Label":"fastqc (4)"},"time":{"mean":4818.75,"min":4473,"q1":4491.75,"q2":4499,"q3":4826,"max":5804,"minLabel":"fastqc (3)","maxLabel":"fastqc (1)","q1Label":"fastqc (3)","q2Label":"fastqc (2)","q3Label":"fastqc (4)"},"writes":{"mean":2007651.25,"min":1946126,"q1":1964706.5,"q2":1971579,"q3":2014523.75,"max":2141321,"minLabel":"fastqc (4)","maxLabel":"fastqc (1)","q1Label":"fastqc (4)","q2Label":"fastqc (2)","q3Label":"fastqc (3)"}},{"cpuUsage":{"mean":27.65,"min":25.2,"q1":27,"q2":27.7,"q3":28.35,"max":30,"minLabel":"bowtie (1)","maxLabel":"bowtie (2)","q1Label":"bowtie (1)","q2Label":"bowtie (4)","q3Label":"bowtie (3)"},"process":"bowtie","mem":{"mean":15232000,"min":8605696,"q1":8648704,"q2":8695808,"q3":15279104,"max":34930688,"minLabel":"bowtie (4)","maxLabel":"bowtie (1)","q1Label":"bowtie (4)","q2Label":"bowtie (3)","q3Label":"bowtie (2)"},"memUsage":{"mean":0.71,"min":0.4,"q1":0.4,"q2":0.4,"q3":0.71,"max":1.63,"minLabel":"bowtie (4)","maxLabel":"bowtie (1)","q1Label":"bowtie (4)","q2Label":"bowtie (3)","q3Label":"bowtie (2)"},"timeUsage":{"mean":0.12,"min":0.11,"q1":0.11,"q2":0.11,"q3":0.12,"max":0.12,"minLabel":"bowtie (4)","maxLabel":"bowtie (2)","q1Label":"bowtie (4)","q2Label":"bowtie (3)","q3Label":"bowtie (1)"},"vmem":{"mean":37835776,"min":35258368,"q1":35258368,"q2":35258368,"q3":37835776,"max":45568000,"minLabel":"bowtie (3)","maxLabel":"bowtie (1)","q1Label":"bowtie (3)","q2Label":"bowtie (2)","q3Label":"bowtie (4)"},"reads":{"mean":19217524.5,"min":19215799,"q1":19216703.5,"q2":19217552,"q3":19218373,"max":19219195,"minLabel":"bowtie (3)","maxLabel":"bowtie (2)","q1Label":"bowtie (3)","q2Label":"bowtie (1)","q3Label":"bowtie (4)"},"cpu":{"mean":27.65,"min":25.2,"q1":27,"q2":27.7,"q3":28.35,"max":30,"minLabel":"bowtie (1)","maxLabel":"bowtie (2)","q1Label":"bowtie (1)","q2Label":"bowtie (4)","q3Label":"bowtie (3)"},"time":{"mean":8311.5,"min":7985,"q1":8024,"q2":8146,"q3":8433.5,"max":8969,"minLabel":"bowtie (4)","maxLabel":"bowtie (2)","q1Label":"bowtie (4)","q2Label":"bowtie (3)","q3Label":"bowtie (1)"},"writes":{"mean":350899.75,"min":348288,"q1":349977.75,"q2":350855,"q3":351777,"max":353601,"minLabel":"bowtie (1)","maxLabel":"bowtie (2)","q1Label":"bowtie (1)","q2Label":"bowtie (3)","q3Label":"bowtie (4)"}},{"cpuUsage":{"mean":63.5,"min":27,"q1":60.38,"q2":74.4,"q3":77.53,"max":78.2,"minLabel":"readCounts (1)","maxLabel":"readCounts (3)","q1Label":"readCounts (1)","q2Label":"readCounts (4)","q3Label":"readCounts (2)"},"process":"readCounts","mem":{"mean":13448192,"min":3162112,"q1":3202048,"q2":7051264,"q3":17297408,"max":36528128,"minLabel":"readCounts (4)","maxLabel":"readCounts (1)","q1Label":"readCounts (4)","q2Label":"readCounts (3)","q3Label":"readCounts (2)"},"memUsage":{"mean":0.63,"min":0.15,"q1":0.15,"q2":0.33,"q3":0.81,"max":1.7,"minLabel":"readCounts (4)","maxLabel":"readCounts (1)","q1Label":"readCounts (4)","q2Label":"readCounts (3)","q3Label":"readCounts (2)"},"timeUsage":{"mean":0.01,"min":0.01,"q1":0.01,"q2":0.01,"q3":0.02,"max":0.03,"minLabel":"readCounts (4)","maxLabel":"readCounts (1)","q1Label":"readCounts (4)","q2Label":"readCounts (2)","q3Label":"readCounts (3)"},"vmem":{"mean":22914048,"min":8835072,"q1":8835072,"q2":16463872,"q3":30542848,"max":49893376,"minLabel":"readCounts (3)","maxLabel":"readCounts (1)","q1Label":"readCounts (3)","q2Label":"readCounts (4)","q3Label":"readCounts (2)"},"reads":{"mean":5447897.5,"min":5444946,"q1":5447685,"q2":5448668,"q3":5448880.5,"max":5449308,"minLabel":"readCounts (1)","maxLabel":"readCounts (4)","q1Label":"readCounts (1)","q2Label":"readCounts (3)","q3Label":"readCounts (2)"},"cpu":{"mean":63.5,"min":27,"q1":60.38,"q2":74.4,"q3":77.53,"max":78.2,"minLabel":"readCounts (1)","maxLabel":"readCounts (3)","q1Label":"readCounts (1)","q2Label":"readCounts (4)","q3Label":"readCounts (2)"},"time":{"mean":1053.5,"min":518,"q1":590,"q2":648,"q3":1111.5,"max":2400,"minLabel":"readCounts (4)","maxLabel":"readCounts (1)","q1Label":"readCounts (4)","q2Label":"readCounts (2)","q3Label":"readCounts (3)"},"writes":{"mean":2726997.25,"min":2724810,"q1":2726859.75,"q2":2727576,"q3":2727713.5,"max":2728027,"minLabel":"readCounts (1)","maxLabel":"readCounts (4)","q1Label":"readCounts (1)","q2Label":"readCounts (3)","q3Label":"readCounts (2)"}},{"cpuUsage":{"mean":33.18,"min":20.5,"q1":27.33,"q2":30.5,"q3":36.35,"max":51.2,"minLabel":"alignStats (4)","maxLabel":"alignStats (1)","q1Label":"alignStats (4)","q2Label":"alignStats (3)","q3Label":"alignStats (2)"},"process":"alignStats","mem":{"mean":3188736,"min":3117056,"q1":3156992,"q2":3184640,"q3":3216384,"max":3268608,"minLabel":"alignStats (2)","maxLabel":"alignStats (4)","q1Label":"alignStats (2)","q2Label":"alignStats (3)","q3Label":"alignStats (1)"},"memUsage":{"mean":0.15,"min":0.15,"q1":0.15,"q2":0.15,"q3":0.15,"max":0.15,"minLabel":"alignStats (2)","maxLabel":"alignStats (4)","q1Label":"alignStats (2)","q2Label":"alignStats (3)","q3Label":"alignStats (1)"},"timeUsage":null,"vmem":{"mean":8835072,"min":8835072,"q1":8835072,"q2":8835072,"q3":8835072,"max":8835072,"minLabel":"alignStats (4)","maxLabel":"alignStats (2)","q1Label":"alignStats (4)","q2Label":"alignStats (1)","q3Label":"alignStats (3)"},"reads":{"mean":183201.75,"min":182230,"q1":182590.75,"q2":183022.5,"q3":183633.5,"max":184532,"minLabel":"alignStats (3)","maxLabel":"alignStats (4)","q1Label":"alignStats (3)","q2Label":"alignStats (1)","q3Label":"alignStats (2)"},"cpu":{"mean":33.18,"min":20.5,"q1":27.33,"q2":30.5,"q3":36.35,"max":51.2,"minLabel":"alignStats (4)","maxLabel":"alignStats (1)","q1Label":"alignStats (4)","q2Label":"alignStats (3)","q3Label":"alignStats (2)"},"time":{"mean":99.25,"min":52,"q1":52.75,"q2":95.5,"q3":142,"max":154,"minLabel":"alignStats (2)","maxLabel":"alignStats (1)","q1Label":"alignStats (2)","q2Label":"alignStats (3)","q3Label":"alignStats (4)"},"writes":{"mean":2058.25,"min":1229,"q1":1520,"q2":1881,"q3":2419.25,"max":3242,"minLabel":"alignStats (3)","maxLabel":"alignStats (4)","q1Label":"alignStats (3)","q2Label":"alignStats (1)","q3Label":"alignStats (2)"}},{"cpuUsage":{"mean":51.8,"min":36.9,"q1":46.13,"q2":53.15,"q3":58.83,"max":64,"minLabel":"cleanup (3)","maxLabel":"cleanup (4)","q1Label":"cleanup (3)","q2Label":"cleanup (1)","q3Label":"cleanup (2)"},"process":"cleanup","mem":{"mean":3192832,"min":3133440,"q1":3170304,"q2":3194880,"q3":3217408,"max":3248128,"minLabel":"cleanup (4)","maxLabel":"cleanup (3)","q1Label":"cleanup (4)","q2Label":"cleanup (1)","q3Label":"cleanup (2)"},"memUsage":{"mean":0.15,"min":0.15,"q1":0.15,"q2":0.15,"q3":0.15,"max":0.15,"minLabel":"cleanup (4)","maxLabel":"cleanup (3)","q1Label":"cleanup (4)","q2Label":"cleanup (1)","q3Label":"cleanup (2)"},"timeUsage":null,"vmem":{"mean":8835072,"min":8835072,"q1":8835072,"q2":8835072,"q3":8835072,"max":8835072,"minLabel":"cleanup (1)","maxLabel":"cleanup (2)","q1Label":"cleanup (1)","q2Label":"cleanup (3)","q3Label":"cleanup (4)"},"reads":{"mean":192340.75,"min":192340,"q1":192340.75,"q2":192341,"q3":192341,"max":192341,"minLabel":"cleanup (2)","maxLabel":"cleanup (4)","q1Label":"cleanup (2)","q2Label":"cleanup (1)","q3Label":"cleanup (3)"},"cpu":{"mean":51.8,"min":36.9,"q1":46.13,"q2":53.15,"q3":58.83,"max":64,"minLabel":"cleanup (3)","maxLabel":"cleanup (4)","q1Label":"cleanup (3)","q2Label":"cleanup (1)","q3Label":"cleanup (2)"},"time":{"mean":76,"min":56,"q1":65.75,"q2":70,"q3":80.25,"max":108,"minLabel":"cleanup (4)","maxLabel":"cleanup (2)","q1Label":"cleanup (4)","q2Label":"cleanup (1)","q3Label":"cleanup (3)"},"writes":{"mean":190,"min":190,"q1":190,"q2":190,"q3":190,"max":190,"minLabel":"cleanup (1)","maxLabel":"cleanup (2)","q1Label":"cleanup (1)","q2Label":"cleanup (3)","q3Label":"cleanup (4)"}}]
Sep-06 17:44:34.535 [main] DEBUG nextflow.trace.TimelineObserver - Workflow completed -- rendering execution timeline
Sep-06 17:44:34.912 [main] DEBUG nextflow.cache.CacheDB - Closing CacheDB done
Sep-06 17:44:34.966 [main] DEBUG nextflow.util.ThreadPoolManager - Thread pool 'FileTransfer' shutdown completed (hard=false)
Sep-06 17:44:34.969 [main] DEBUG nextflow.script.ScriptRunner - > Execution complete -- Goodbye
